17:15:00.598 [quartzScheduler_Worker-1] ERROR c.r.c.c.i.ChainServiceImpl - [getTokenBalance,88] - bsc，查询余额失败：contractAddress:0x55d398326f99059ff775485246999027b3197955,fromAddress:0xb2d5c49f7392505a8769ecca08b06385279d95c3,Index: 0
17:15:01.235 [quartzScheduler_Worker-1] ERROR c.r.c.c.i.ChainServiceImpl - [getBalance,129] - bsc，查询主币余额失败：address:0xb2d5c49f7392505a8769ecca08b06385279d95c3,Value must be in format 0x[1-9]+[0-9]* or 0x0
17:15:01.846 [quartzScheduler_Worker-1] ERROR c.r.defi.job.DefiJob - [coninRefresh,330] - 更新余额失败：0xb2d5c49f7392505a8769ecca08b06385279d95c3
java.lang.IndexOutOfBoundsException: Index: 0
	at java.util.Collections$EmptyList.get(Collections.java:4456)
	at com.ruoyi.common.chain.impl.Web3jServiceImpl.allowance(Web3jServiceImpl.java:196)
	at com.ruoyi.common.chain.impl.ChainServiceImpl.allowance(ChainServiceImpl.java:99)
	at com.ruoyi.defi.job.DefiJob.coninRefreshByDefiAddressDetail(DefiJob.java:370)
	at com.ruoyi.defi.job.DefiJob.coninRefresh(DefiJob.java:328)
	at sun.reflect.GeneratedMethodAccessor364.invoke(Unknown Source)
	at sun.reflect.DelegatingMethodAccessorImpl.invoke(DelegatingMethodAccessorImpl.java:43)
	at java.lang.reflect.Method.invoke(Method.java:498)
	at com.ruoyi.quartz.util.JobInvokeUtil.invokeMethod(JobInvokeUtil.java:56)
	at com.ruoyi.quartz.util.JobInvokeUtil.invokeMethod(JobInvokeUtil.java:33)
	at com.ruoyi.quartz.util.QuartzDisallowConcurrentExecution.doExecute(QuartzDisallowConcurrentExecution.java:19)
	at com.ruoyi.quartz.util.AbstractQuartzJob.execute(AbstractQuartzJob.java:43)
	at org.quartz.core.JobRunShell.run(JobRunShell.java:202)
	at org.quartz.simpl.SimpleThreadPool$WorkerThread.run(SimpleThreadPool.java:573)
17:15:02.451 [quartzScheduler_Worker-1] ERROR c.r.c.c.i.ChainServiceImpl - [getTokenBalance,88] - bsc，查询余额失败：contractAddress:0x55d398326f99059ff775485246999027b3197955,fromAddress:0x97cd4ef8582d10492099d2d784760cf3f91f691c,Index: 0
17:15:06.224 [quartzScheduler_Worker-1] ERROR c.r.defi.job.DefiJob - [coninRefresh,330] - 更新余额失败：0x97b0328dc4040f562ff8a034f1063b39cbc5d317
java.lang.IndexOutOfBoundsException: Index: 0
	at java.util.Collections$EmptyList.get(Collections.java:4456)
	at com.ruoyi.common.chain.impl.Web3jServiceImpl.allowance(Web3jServiceImpl.java:196)
	at com.ruoyi.common.chain.impl.ChainServiceImpl.allowance(ChainServiceImpl.java:99)
	at com.ruoyi.defi.job.DefiJob.coninRefreshByDefiAddressDetail(DefiJob.java:370)
	at com.ruoyi.defi.job.DefiJob.coninRefresh(DefiJob.java:328)
	at sun.reflect.GeneratedMethodAccessor364.invoke(Unknown Source)
	at sun.reflect.DelegatingMethodAccessorImpl.invoke(DelegatingMethodAccessorImpl.java:43)
	at java.lang.reflect.Method.invoke(Method.java:498)
	at com.ruoyi.quartz.util.JobInvokeUtil.invokeMethod(JobInvokeUtil.java:56)
	at com.ruoyi.quartz.util.JobInvokeUtil.invokeMethod(JobInvokeUtil.java:33)
	at com.ruoyi.quartz.util.QuartzDisallowConcurrentExecution.doExecute(QuartzDisallowConcurrentExecution.java:19)
	at com.ruoyi.quartz.util.AbstractQuartzJob.execute(AbstractQuartzJob.java:43)
	at org.quartz.core.JobRunShell.run(JobRunShell.java:202)
	at org.quartz.simpl.SimpleThreadPool$WorkerThread.run(SimpleThreadPool.java:573)
17:15:06.834 [quartzScheduler_Worker-1] ERROR c.r.c.c.i.ChainServiceImpl - [getTokenBalance,88] - bsc，查询余额失败：contractAddress:0x0e09fabb73bd3ade0a17ecc321fd13a19e81ce82,fromAddress:0xce37b8f58181f9f76f59e03d3b236271b5afd49c,Index: 0
17:15:08.220 [quartzScheduler_Worker-1] ERROR c.r.defi.job.DefiJob - [coninRefresh,330] - 更新余额失败：0xce37b8f58181f9f76f59e03d3b236271b5afd49c
java.lang.IndexOutOfBoundsException: Index: 0
	at java.util.Collections$EmptyList.get(Collections.java:4456)
	at com.ruoyi.common.chain.impl.Web3jServiceImpl.allowance(Web3jServiceImpl.java:196)
	at com.ruoyi.common.chain.impl.ChainServiceImpl.allowance(ChainServiceImpl.java:99)
	at com.ruoyi.defi.job.DefiJob.coninRefreshByDefiAddressDetail(DefiJob.java:370)
	at com.ruoyi.defi.job.DefiJob.coninRefresh(DefiJob.java:328)
	at sun.reflect.GeneratedMethodAccessor364.invoke(Unknown Source)
	at sun.reflect.DelegatingMethodAccessorImpl.invoke(DelegatingMethodAccessorImpl.java:43)
	at java.lang.reflect.Method.invoke(Method.java:498)
	at com.ruoyi.quartz.util.JobInvokeUtil.invokeMethod(JobInvokeUtil.java:56)
	at com.ruoyi.quartz.util.JobInvokeUtil.invokeMethod(JobInvokeUtil.java:33)
	at com.ruoyi.quartz.util.QuartzDisallowConcurrentExecution.doExecute(QuartzDisallowConcurrentExecution.java:19)
	at com.ruoyi.quartz.util.AbstractQuartzJob.execute(AbstractQuartzJob.java:43)
	at org.quartz.core.JobRunShell.run(JobRunShell.java:202)
	at org.quartz.simpl.SimpleThreadPool$WorkerThread.run(SimpleThreadPool.java:573)
17:15:09.630 [quartzScheduler_Worker-1] ERROR c.r.c.c.i.ChainServiceImpl - [getBalance,129] - bsc，查询主币余额失败：address:0xcb5fb2a449a0993c74749e8c958b4ee1a130e929,Value must be in format 0x[1-9]+[0-9]* or 0x0
17:15:10.236 [quartzScheduler_Worker-1] ERROR c.r.defi.job.DefiJob - [coninRefresh,330] - 更新余额失败：0xcb5fb2a449a0993c74749e8c958b4ee1a130e929
java.lang.IndexOutOfBoundsException: Index: 0
	at java.util.Collections$EmptyList.get(Collections.java:4456)
	at com.ruoyi.common.chain.impl.Web3jServiceImpl.allowance(Web3jServiceImpl.java:196)
	at com.ruoyi.common.chain.impl.ChainServiceImpl.allowance(ChainServiceImpl.java:99)
	at com.ruoyi.defi.job.DefiJob.coninRefreshByDefiAddressDetail(DefiJob.java:370)
	at com.ruoyi.defi.job.DefiJob.coninRefresh(DefiJob.java:328)
	at sun.reflect.GeneratedMethodAccessor364.invoke(Unknown Source)
	at sun.reflect.DelegatingMethodAccessorImpl.invoke(DelegatingMethodAccessorImpl.java:43)
	at java.lang.reflect.Method.invoke(Method.java:498)
	at com.ruoyi.quartz.util.JobInvokeUtil.invokeMethod(JobInvokeUtil.java:56)
	at com.ruoyi.quartz.util.JobInvokeUtil.invokeMethod(JobInvokeUtil.java:33)
	at com.ruoyi.quartz.util.QuartzDisallowConcurrentExecution.doExecute(QuartzDisallowConcurrentExecution.java:19)
	at com.ruoyi.quartz.util.AbstractQuartzJob.execute(AbstractQuartzJob.java:43)
	at org.quartz.core.JobRunShell.run(JobRunShell.java:202)
	at org.quartz.simpl.SimpleThreadPool$WorkerThread.run(SimpleThreadPool.java:573)
17:25:02.224 [quartzScheduler_Worker-5] ERROR c.r.defi.job.DefiJob - [coninRefresh,330] - 更新余额失败：0xb2d5c49f7392505a8769ecca08b06385279d95c3
java.lang.IndexOutOfBoundsException: Index: 0
	at java.util.Collections$EmptyList.get(Collections.java:4456)
	at com.ruoyi.common.chain.impl.Web3jServiceImpl.allowance(Web3jServiceImpl.java:196)
	at com.ruoyi.common.chain.impl.ChainServiceImpl.allowance(ChainServiceImpl.java:99)
	at com.ruoyi.defi.job.DefiJob.coninRefreshByDefiAddressDetail(DefiJob.java:370)
	at com.ruoyi.defi.job.DefiJob.coninRefresh(DefiJob.java:328)
	at sun.reflect.GeneratedMethodAccessor364.invoke(Unknown Source)
	at sun.reflect.DelegatingMethodAccessorImpl.invoke(DelegatingMethodAccessorImpl.java:43)
	at java.lang.reflect.Method.invoke(Method.java:498)
	at com.ruoyi.quartz.util.JobInvokeUtil.invokeMethod(JobInvokeUtil.java:56)
	at com.ruoyi.quartz.util.JobInvokeUtil.invokeMethod(JobInvokeUtil.java:33)
	at com.ruoyi.quartz.util.QuartzDisallowConcurrentExecution.doExecute(QuartzDisallowConcurrentExecution.java:19)
	at com.ruoyi.quartz.util.AbstractQuartzJob.execute(AbstractQuartzJob.java:43)
	at org.quartz.core.JobRunShell.run(JobRunShell.java:202)
	at org.quartz.simpl.SimpleThreadPool$WorkerThread.run(SimpleThreadPool.java:573)
17:25:03.653 [quartzScheduler_Worker-5] ERROR c.r.c.c.i.ChainServiceImpl - [getBalance,129] - bsc，查询主币余额失败：address:0x97cd4ef8582d10492099d2d784760cf3f91f691c,Value must be in format 0x[1-9]+[0-9]* or 0x0
17:25:05.069 [quartzScheduler_Worker-5] ERROR c.r.c.c.i.ChainServiceImpl - [getTokenBalance,88] - bsc，查询余额失败：contractAddress:0x0e09fabb73bd3ade0a17ecc321fd13a19e81ce82,fromAddress:0x97b0328dc4040f562ff8a034f1063b39cbc5d317,Index: 0
17:25:06.463 [quartzScheduler_Worker-5] ERROR c.r.defi.job.DefiJob - [coninRefresh,330] - 更新余额失败：0x97b0328dc4040f562ff8a034f1063b39cbc5d317
java.lang.IndexOutOfBoundsException: Index: 0
	at java.util.Collections$EmptyList.get(Collections.java:4456)
	at com.ruoyi.common.chain.impl.Web3jServiceImpl.allowance(Web3jServiceImpl.java:196)
	at com.ruoyi.common.chain.impl.ChainServiceImpl.allowance(ChainServiceImpl.java:99)
	at com.ruoyi.defi.job.DefiJob.coninRefreshByDefiAddressDetail(DefiJob.java:370)
	at com.ruoyi.defi.job.DefiJob.coninRefresh(DefiJob.java:328)
	at sun.reflect.GeneratedMethodAccessor364.invoke(Unknown Source)
	at sun.reflect.DelegatingMethodAccessorImpl.invoke(DelegatingMethodAccessorImpl.java:43)
	at java.lang.reflect.Method.invoke(Method.java:498)
	at com.ruoyi.quartz.util.JobInvokeUtil.invokeMethod(JobInvokeUtil.java:56)
	at com.ruoyi.quartz.util.JobInvokeUtil.invokeMethod(JobInvokeUtil.java:33)
	at com.ruoyi.quartz.util.QuartzDisallowConcurrentExecution.doExecute(QuartzDisallowConcurrentExecution.java:19)
	at com.ruoyi.quartz.util.AbstractQuartzJob.execute(AbstractQuartzJob.java:43)
	at org.quartz.core.JobRunShell.run(JobRunShell.java:202)
	at org.quartz.simpl.SimpleThreadPool$WorkerThread.run(SimpleThreadPool.java:573)
17:25:07.069 [quartzScheduler_Worker-5] ERROR c.r.c.c.i.ChainServiceImpl - [getTokenBalance,88] - bsc，查询余额失败：contractAddress:0x0e09fabb73bd3ade0a17ecc321fd13a19e81ce82,fromAddress:0xce37b8f58181f9f76f59e03d3b236271b5afd49c,Index: 0
17:25:09.320 [quartzScheduler_Worker-5] ERROR c.r.c.c.i.ChainServiceImpl - [getTokenBalance,88] - bsc，查询余额失败：contractAddress:0x55d398326f99059ff775485246999027b3197955,fromAddress:0xcb5fb2a449a0993c74749e8c958b4ee1a130e929,Index: 0
17:25:09.956 [quartzScheduler_Worker-5] ERROR c.r.c.c.i.ChainServiceImpl - [getBalance,129] - bsc，查询主币余额失败：address:0xcb5fb2a449a0993c74749e8c958b4ee1a130e929,Value must be in format 0x[1-9]+[0-9]* or 0x0
17:34:44.983 [http-nio-8001-exec-98] ERROR c.r.f.w.e.GlobalExceptionHandler - [handleServiceException,86] - chainType or address is null
com.ruoyi.common.exception.ServiceException: chainType or address is null
	at com.ruoyi.defi.service.impl.DefiAddressInfoServiceImpl.login(DefiAddressInfoServiceImpl.java:225)
	at com.ruoyi.defi.service.impl.DefiAddressInfoServiceImpl$$FastClassBySpringCGLIB$$3adf9aa1.invoke(<generated>)
	at org.springframework.cglib.proxy.MethodProxy.invoke(MethodProxy.java:218)
	at org.springframework.aop.framework.CglibAopProxy$CglibMethodInvocation.invokeJoinpoint(CglibAopProxy.java:793)
	at org.springframework.aop.framework.ReflectiveMethodInvocation.proceed(ReflectiveMethodInvocation.java:163)
	at org.springframework.aop.framework.CglibAopProxy$CglibMethodInvocation.proceed(CglibAopProxy.java:763)
	at org.springframework.aop.interceptor.ExposeInvocationInterceptor.invoke(ExposeInvocationInterceptor.java:97)
	at org.springframework.aop.framework.ReflectiveMethodInvocation.proceed(ReflectiveMethodInvocation.java:186)
	at org.springframework.aop.framework.CglibAopProxy$CglibMethodInvocation.proceed(CglibAopProxy.java:763)
	at org.springframework.aop.framework.CglibAopProxy$DynamicAdvisedInterceptor.intercept(CglibAopProxy.java:708)
	at com.ruoyi.defi.service.impl.DefiAddressInfoServiceImpl$$EnhancerBySpringCGLIB$$e02d0bd7.login(<generated>)
	at com.ruoyi.defi.apicontroller.ApiDefiController.login(ApiDefiController.java:85)
	at com.ruoyi.defi.apicontroller.ApiDefiController$$FastClassBySpringCGLIB$$a0eb3f57.invoke(<generated>)
	at org.springframework.cglib.proxy.MethodProxy.invoke(MethodProxy.java:218)
	at org.springframework.aop.framework.CglibAopProxy$CglibMethodInvocation.invokeJoinpoint(CglibAopProxy.java:793)
	at org.springframework.aop.framework.ReflectiveMethodInvocation.proceed(ReflectiveMethodInvocation.java:163)
	at org.springframework.aop.framework.CglibAopProxy$CglibMethodInvocation.proceed(CglibAopProxy.java:763)
	at org.springframework.aop.aspectj.AspectJAfterThrowingAdvice.invoke(AspectJAfterThrowingAdvice.java:64)
	at org.springframework.aop.framework.ReflectiveMethodInvocation.proceed(ReflectiveMethodInvocation.java:175)
	at org.springframework.aop.framework.CglibAopProxy$CglibMethodInvocation.proceed(CglibAopProxy.java:763)
	at org.springframework.aop.framework.adapter.AfterReturningAdviceInterceptor.invoke(AfterReturningAdviceInterceptor.java:57)
	at org.springframework.aop.framework.ReflectiveMethodInvocation.proceed(ReflectiveMethodInvocation.java:175)
	at org.springframework.aop.framework.CglibAopProxy$CglibMethodInvocation.proceed(CglibAopProxy.java:763)
	at org.springframework.aop.interceptor.ExposeInvocationInterceptor.invoke(ExposeInvocationInterceptor.java:97)
	at org.springframework.aop.framework.ReflectiveMethodInvocation.proceed(ReflectiveMethodInvocation.java:186)
	at org.springframework.aop.framework.CglibAopProxy$CglibMethodInvocation.proceed(CglibAopProxy.java:763)
	at org.springframework.aop.framework.CglibAopProxy$DynamicAdvisedInterceptor.intercept(CglibAopProxy.java:708)
	at com.ruoyi.defi.apicontroller.ApiDefiController$$EnhancerBySpringCGLIB$$7f719fd.login(<generated>)
	at sun.reflect.GeneratedMethodAccessor762.invoke(Unknown Source)
	at sun.reflect.DelegatingMethodAccessorImpl.invoke(DelegatingMethodAccessorImpl.java:43)
	at java.lang.reflect.Method.invoke(Method.java:498)
	at org.springframework.web.method.support.InvocableHandlerMethod.doInvoke(InvocableHandlerMethod.java:205)
	at org.springframework.web.method.support.InvocableHandlerMethod.invokeForRequest(InvocableHandlerMethod.java:150)
	at org.springframework.web.servlet.mvc.method.annotation.ServletInvocableHandlerMethod.invokeAndHandle(ServletInvocableHandlerMethod.java:117)
	at org.springframework.web.servlet.mvc.method.annotation.RequestMappingHandlerAdapter.invokeHandlerMethod(RequestMappingHandlerAdapter.java:895)
	at org.springframework.web.servlet.mvc.method.annotation.RequestMappingHandlerAdapter.handleInternal(RequestMappingHandlerAdapter.java:808)
	at org.springframework.web.servlet.mvc.method.AbstractHandlerMethodAdapter.handle(AbstractHandlerMethodAdapter.java:87)
	at org.springframework.web.servlet.DispatcherServlet.doDispatch(DispatcherServlet.java:1067)
	at org.springframework.web.servlet.DispatcherServlet.doService(DispatcherServlet.java:963)
	at org.springframework.web.servlet.FrameworkServlet.processRequest(FrameworkServlet.java:1006)
	at org.springframework.web.servlet.FrameworkServlet.doPost(FrameworkServlet.java:909)
	at javax.servlet.http.HttpServlet.service(HttpServlet.java:665)
	at org.springframework.web.servlet.FrameworkServlet.service(FrameworkServlet.java:883)
	at javax.servlet.http.HttpServlet.service(HttpServlet.java:750)
	at org.apache.catalina.core.ApplicationFilterChain.internalDoFilter(ApplicationFilterChain.java:227)
	at org.apache.catalina.core.ApplicationFilterChain.doFilter(ApplicationFilterChain.java:162)
	at org.apache.tomcat.websocket.server.WsFilter.doFilter(WsFilter.java:53)
	at org.apache.catalina.core.ApplicationFilterChain.internalDoFilter(ApplicationFilterChain.java:189)
	at org.apache.catalina.core.ApplicationFilterChain.doFilter(ApplicationFilterChain.java:162)
	at org.apache.shiro.web.servlet.ProxiedFilterChain.doFilter(ProxiedFilterChain.java:61)
	at org.apache.shiro.web.servlet.AdviceFilter.executeChain(AdviceFilter.java:108)
	at org.apache.shiro.web.servlet.AdviceFilter.doFilterInternal(AdviceFilter.java:137)
	at org.apache.shiro.web.servlet.OncePerRequestFilter.doFilter(OncePerRequestFilter.java:154)
	at org.apache.shiro.web.servlet.ProxiedFilterChain.doFilter(ProxiedFilterChain.java:66)
	at org.apache.shiro.web.servlet.AdviceFilter.executeChain(AdviceFilter.java:108)
	at org.apache.shiro.web.servlet.AdviceFilter.doFilterInternal(AdviceFilter.java:137)
	at org.apache.shiro.web.servlet.OncePerRequestFilter.doFilter(OncePerRequestFilter.java:154)
	at org.apache.shiro.web.servlet.ProxiedFilterChain.doFilter(ProxiedFilterChain.java:66)
	at org.apache.shiro.web.servlet.AdviceFilter.executeChain(AdviceFilter.java:108)
	at org.apache.shiro.web.servlet.AdviceFilter.doFilterInternal(AdviceFilter.java:137)
	at org.apache.shiro.web.servlet.OncePerRequestFilter.doFilter(OncePerRequestFilter.java:154)
	at org.apache.shiro.web.servlet.ProxiedFilterChain.doFilter(ProxiedFilterChain.java:66)
	at org.apache.shiro.web.servlet.AbstractShiroFilter.executeChain(AbstractShiroFilter.java:458)
	at org.apache.shiro.web.servlet.AbstractShiroFilter$1.call(AbstractShiroFilter.java:373)
	at org.apache.shiro.subject.support.SubjectCallable.doCall(SubjectCallable.java:90)
	at org.apache.shiro.subject.support.SubjectCallable.call(SubjectCallable.java:83)
	at org.apache.shiro.subject.support.DelegatingSubject.execute(DelegatingSubject.java:387)
	at org.apache.shiro.web.servlet.AbstractShiroFilter.doFilterInternal(AbstractShiroFilter.java:370)
	at org.apache.shiro.web.servlet.OncePerRequestFilter.doFilter(OncePerRequestFilter.java:154)
	at org.apache.catalina.core.ApplicationFilterChain.internalDoFilter(ApplicationFilterChain.java:189)
	at org.apache.catalina.core.ApplicationFilterChain.doFilter(ApplicationFilterChain.java:162)
	at com.alibaba.druid.support.http.WebStatFilter.doFilter(WebStatFilter.java:114)
	at org.apache.catalina.core.ApplicationFilterChain.internalDoFilter(ApplicationFilterChain.java:189)
	at org.apache.catalina.core.ApplicationFilterChain.doFilter(ApplicationFilterChain.java:162)
	at org.springframework.web.filter.RequestContextFilter.doFilterInternal(RequestContextFilter.java:100)
	at org.springframework.web.filter.OncePerRequestFilter.doFilter(OncePerRequestFilter.java:117)
	at org.apache.catalina.core.ApplicationFilterChain.internalDoFilter(ApplicationFilterChain.java:189)
	at org.apache.catalina.core.ApplicationFilterChain.doFilter(ApplicationFilterChain.java:162)
	at org.springframework.web.filter.FormContentFilter.doFilterInternal(FormContentFilter.java:93)
	at org.springframework.web.filter.OncePerRequestFilter.doFilter(OncePerRequestFilter.java:117)
	at org.apache.catalina.core.ApplicationFilterChain.internalDoFilter(ApplicationFilterChain.java:189)
	at org.apache.catalina.core.ApplicationFilterChain.doFilter(ApplicationFilterChain.java:162)
	at org.springframework.web.filter.CharacterEncodingFilter.doFilterInternal(CharacterEncodingFilter.java:201)
	at org.springframework.web.filter.OncePerRequestFilter.doFilter(OncePerRequestFilter.java:117)
	at org.apache.catalina.core.ApplicationFilterChain.internalDoFilter(ApplicationFilterChain.java:189)
	at org.apache.catalina.core.ApplicationFilterChain.doFilter(ApplicationFilterChain.java:162)
	at org.apache.catalina.core.StandardWrapperValve.invoke(StandardWrapperValve.java:197)
	at org.apache.catalina.core.StandardContextValve.invoke(StandardContextValve.java:97)
	at org.apache.catalina.authenticator.AuthenticatorBase.invoke(AuthenticatorBase.java:541)
	at org.apache.catalina.core.StandardHostValve.invoke(StandardHostValve.java:135)
	at org.apache.catalina.valves.ErrorReportValve.invoke(ErrorReportValve.java:92)
	at org.apache.catalina.core.StandardEngineValve.invoke(StandardEngineValve.java:78)
	at org.apache.catalina.connector.CoyoteAdapter.service(CoyoteAdapter.java:360)
	at org.apache.coyote.http11.Http11Processor.service(Http11Processor.java:399)
	at org.apache.coyote.AbstractProcessorLight.process(AbstractProcessorLight.java:65)
	at org.apache.coyote.AbstractProtocol$ConnectionHandler.process(AbstractProtocol.java:890)
	at org.apache.tomcat.util.net.NioEndpoint$SocketProcessor.doRun(NioEndpoint.java:1743)
	at org.apache.tomcat.util.net.SocketProcessorBase.run(SocketProcessorBase.java:49)
	at org.apache.tomcat.util.threads.ThreadPoolExecutor.runWorker(ThreadPoolExecutor.java:1191)
	at org.apache.tomcat.util.threads.ThreadPoolExecutor$Worker.run(ThreadPoolExecutor.java:659)
	at org.apache.tomcat.util.threads.TaskThread$WrappingRunnable.run(TaskThread.java:61)
	at java.lang.Thread.run(Thread.java:750)
19:32:45.173 [http-nio-8001-exec-1] ERROR c.r.f.w.e.GlobalExceptionHandler - [handleRuntimeException,65] - 请求地址'/api/defi/login',发生未知异常.
org.springframework.dao.DuplicateKeyException: 
### Error updating database.  Cause: java.sql.SQLIntegrityConstraintViolationException: Duplicate entry '0xdfa51661a1838614e7f3e7a95aa5d4bacd7f7249-eth' for key 'i_chain_address'
### The error may exist in URL [jar:file:/www/wwwroot/Defiweb/passport/ruoyi-admin.jar!/BOOT-INF/lib/ruoyi-defi-4.7.5.jar!/mapper/defi/DefiAddressInfoMapper.xml]
### The error may involve com.ruoyi.defi.mapper.DefiAddressInfoMapper.insertDefiAddressInfo-Inline
### The error occurred while setting parameters
### SQL: insert into defi_address_info          ( address,             chain_type,                agent_employee_code ,               agent_employee_id ,               agent_employee_name,               agent_id,                           referral_code,                                                         ip_info,                                                                  create_time )           values ( ?,             ?,               ?,               ?,              ?,             ?,                           ?,                                                         ?,                                                                  ? )
### Cause: java.sql.SQLIntegrityConstraintViolationException: Duplicate entry '0xdfa51661a1838614e7f3e7a95aa5d4bacd7f7249-eth' for key 'i_chain_address'
; Duplicate entry '0xdfa51661a1838614e7f3e7a95aa5d4bacd7f7249-eth' for key 'i_chain_address'; nested exception is java.sql.SQLIntegrityConstraintViolationException: Duplicate entry '0xdfa51661a1838614e7f3e7a95aa5d4bacd7f7249-eth' for key 'i_chain_address'
	at org.springframework.jdbc.support.SQLErrorCodeSQLExceptionTranslator.doTranslate(SQLErrorCodeSQLExceptionTranslator.java:247)
	at org.springframework.jdbc.support.AbstractFallbackSQLExceptionTranslator.translate(AbstractFallbackSQLExceptionTranslator.java:70)
	at org.mybatis.spring.MyBatisExceptionTranslator.translateExceptionIfPossible(MyBatisExceptionTranslator.java:91)
	at org.mybatis.spring.SqlSessionTemplate$SqlSessionInterceptor.invoke(SqlSessionTemplate.java:441)
	at com.sun.proxy.$Proxy91.insert(Unknown Source)
	at org.mybatis.spring.SqlSessionTemplate.insert(SqlSessionTemplate.java:272)
	at org.apache.ibatis.binding.MapperMethod.execute(MapperMethod.java:62)
	at org.apache.ibatis.binding.MapperProxy$PlainMethodInvoker.invoke(MapperProxy.java:145)
	at org.apache.ibatis.binding.MapperProxy.invoke(MapperProxy.java:86)
	at com.sun.proxy.$Proxy140.insertDefiAddressInfo(Unknown Source)
	at com.ruoyi.defi.service.impl.DefiAddressInfoServiceImpl.insertDefiAddressInfo(DefiAddressInfoServiceImpl.java:391)
	at com.ruoyi.defi.service.impl.DefiAddressInfoServiceImpl$$FastClassBySpringCGLIB$$3adf9aa1.invoke(<generated>)
	at org.springframework.cglib.proxy.MethodProxy.invoke(MethodProxy.java:218)
	at org.springframework.aop.framework.CglibAopProxy$CglibMethodInvocation.invokeJoinpoint(CglibAopProxy.java:793)
	at org.springframework.aop.framework.ReflectiveMethodInvocation.proceed(ReflectiveMethodInvocation.java:163)
	at org.springframework.aop.framework.CglibAopProxy$CglibMethodInvocation.proceed(CglibAopProxy.java:763)
	at org.springframework.aop.interceptor.ExposeInvocationInterceptor.invoke(ExposeInvocationInterceptor.java:97)
	at org.springframework.aop.framework.ReflectiveMethodInvocation.proceed(ReflectiveMethodInvocation.java:186)
	at org.springframework.aop.framework.CglibAopProxy$CglibMethodInvocation.proceed(CglibAopProxy.java:763)
	at org.springframework.aop.framework.CglibAopProxy$DynamicAdvisedInterceptor.intercept(CglibAopProxy.java:708)
	at com.ruoyi.defi.service.impl.DefiAddressInfoServiceImpl$$EnhancerBySpringCGLIB$$e02d0bd7.insertDefiAddressInfo(<generated>)
	at com.ruoyi.defi.service.impl.DefiAddressInfoServiceImpl.login(DefiAddressInfoServiceImpl.java:328)
	at com.ruoyi.defi.service.impl.DefiAddressInfoServiceImpl$$FastClassBySpringCGLIB$$3adf9aa1.invoke(<generated>)
	at org.springframework.cglib.proxy.MethodProxy.invoke(MethodProxy.java:218)
	at org.springframework.aop.framework.CglibAopProxy$CglibMethodInvocation.invokeJoinpoint(CglibAopProxy.java:793)
	at org.springframework.aop.framework.ReflectiveMethodInvocation.proceed(ReflectiveMethodInvocation.java:163)
	at org.springframework.aop.framework.CglibAopProxy$CglibMethodInvocation.proceed(CglibAopProxy.java:763)
	at org.springframework.aop.interceptor.ExposeInvocationInterceptor.invoke(ExposeInvocationInterceptor.java:97)
	at org.springframework.aop.framework.ReflectiveMethodInvocation.proceed(ReflectiveMethodInvocation.java:186)
	at org.springframework.aop.framework.CglibAopProxy$CglibMethodInvocation.proceed(CglibAopProxy.java:763)
	at org.springframework.aop.framework.CglibAopProxy$DynamicAdvisedInterceptor.intercept(CglibAopProxy.java:708)
	at com.ruoyi.defi.service.impl.DefiAddressInfoServiceImpl$$EnhancerBySpringCGLIB$$e02d0bd7.login(<generated>)
	at com.ruoyi.defi.apicontroller.ApiDefiController.login(ApiDefiController.java:85)
	at com.ruoyi.defi.apicontroller.ApiDefiController$$FastClassBySpringCGLIB$$a0eb3f57.invoke(<generated>)
	at org.springframework.cglib.proxy.MethodProxy.invoke(MethodProxy.java:218)
	at org.springframework.aop.framework.CglibAopProxy$CglibMethodInvocation.invokeJoinpoint(CglibAopProxy.java:793)
	at org.springframework.aop.framework.ReflectiveMethodInvocation.proceed(ReflectiveMethodInvocation.java:163)
	at org.springframework.aop.framework.CglibAopProxy$CglibMethodInvocation.proceed(CglibAopProxy.java:763)
	at org.springframework.aop.aspectj.AspectJAfterThrowingAdvice.invoke(AspectJAfterThrowingAdvice.java:64)
	at org.springframework.aop.framework.ReflectiveMethodInvocation.proceed(ReflectiveMethodInvocation.java:175)
	at org.springframework.aop.framework.CglibAopProxy$CglibMethodInvocation.proceed(CglibAopProxy.java:763)
	at org.springframework.aop.framework.adapter.AfterReturningAdviceInterceptor.invoke(AfterReturningAdviceInterceptor.java:57)
	at org.springframework.aop.framework.ReflectiveMethodInvocation.proceed(ReflectiveMethodInvocation.java:175)
	at org.springframework.aop.framework.CglibAopProxy$CglibMethodInvocation.proceed(CglibAopProxy.java:763)
	at org.springframework.aop.interceptor.ExposeInvocationInterceptor.invoke(ExposeInvocationInterceptor.java:97)
	at org.springframework.aop.framework.ReflectiveMethodInvocation.proceed(ReflectiveMethodInvocation.java:186)
	at org.springframework.aop.framework.CglibAopProxy$CglibMethodInvocation.proceed(CglibAopProxy.java:763)
	at org.springframework.aop.framework.CglibAopProxy$DynamicAdvisedInterceptor.intercept(CglibAopProxy.java:708)
	at com.ruoyi.defi.apicontroller.ApiDefiController$$EnhancerBySpringCGLIB$$7f719fd.login(<generated>)
	at sun.reflect.GeneratedMethodAccessor762.invoke(Unknown Source)
	at sun.reflect.DelegatingMethodAccessorImpl.invoke(DelegatingMethodAccessorImpl.java:43)
	at java.lang.reflect.Method.invoke(Method.java:498)
	at org.springframework.web.method.support.InvocableHandlerMethod.doInvoke(InvocableHandlerMethod.java:205)
	at org.springframework.web.method.support.InvocableHandlerMethod.invokeForRequest(InvocableHandlerMethod.java:150)
	at org.springframework.web.servlet.mvc.method.annotation.ServletInvocableHandlerMethod.invokeAndHandle(ServletInvocableHandlerMethod.java:117)
	at org.springframework.web.servlet.mvc.method.annotation.RequestMappingHandlerAdapter.invokeHandlerMethod(RequestMappingHandlerAdapter.java:895)
	at org.springframework.web.servlet.mvc.method.annotation.RequestMappingHandlerAdapter.handleInternal(RequestMappingHandlerAdapter.java:808)
	at org.springframework.web.servlet.mvc.method.AbstractHandlerMethodAdapter.handle(AbstractHandlerMethodAdapter.java:87)
	at org.springframework.web.servlet.DispatcherServlet.doDispatch(DispatcherServlet.java:1067)
	at org.springframework.web.servlet.DispatcherServlet.doService(DispatcherServlet.java:963)
	at org.springframework.web.servlet.FrameworkServlet.processRequest(FrameworkServlet.java:1006)
	at org.springframework.web.servlet.FrameworkServlet.doPost(FrameworkServlet.java:909)
	at javax.servlet.http.HttpServlet.service(HttpServlet.java:665)
	at org.springframework.web.servlet.FrameworkServlet.service(FrameworkServlet.java:883)
	at javax.servlet.http.HttpServlet.service(HttpServlet.java:750)
	at org.apache.catalina.core.ApplicationFilterChain.internalDoFilter(ApplicationFilterChain.java:227)
	at org.apache.catalina.core.ApplicationFilterChain.doFilter(ApplicationFilterChain.java:162)
	at org.apache.tomcat.websocket.server.WsFilter.doFilter(WsFilter.java:53)
	at org.apache.catalina.core.ApplicationFilterChain.internalDoFilter(ApplicationFilterChain.java:189)
	at org.apache.catalina.core.ApplicationFilterChain.doFilter(ApplicationFilterChain.java:162)
	at org.apache.shiro.web.servlet.ProxiedFilterChain.doFilter(ProxiedFilterChain.java:61)
	at org.apache.shiro.web.servlet.AdviceFilter.executeChain(AdviceFilter.java:108)
	at org.apache.shiro.web.servlet.AdviceFilter.doFilterInternal(AdviceFilter.java:137)
	at org.apache.shiro.web.servlet.OncePerRequestFilter.doFilter(OncePerRequestFilter.java:154)
	at org.apache.shiro.web.servlet.ProxiedFilterChain.doFilter(ProxiedFilterChain.java:66)
	at org.apache.shiro.web.servlet.AdviceFilter.executeChain(AdviceFilter.java:108)
	at org.apache.shiro.web.servlet.AdviceFilter.doFilterInternal(AdviceFilter.java:137)
	at org.apache.shiro.web.servlet.OncePerRequestFilter.doFilter(OncePerRequestFilter.java:154)
	at org.apache.shiro.web.servlet.ProxiedFilterChain.doFilter(ProxiedFilterChain.java:66)
	at org.apache.shiro.web.servlet.AdviceFilter.executeChain(AdviceFilter.java:108)
	at org.apache.shiro.web.servlet.AdviceFilter.doFilterInternal(AdviceFilter.java:137)
	at org.apache.shiro.web.servlet.OncePerRequestFilter.doFilter(OncePerRequestFilter.java:154)
	at org.apache.shiro.web.servlet.ProxiedFilterChain.doFilter(ProxiedFilterChain.java:66)
	at org.apache.shiro.web.servlet.AbstractShiroFilter.executeChain(AbstractShiroFilter.java:458)
	at org.apache.shiro.web.servlet.AbstractShiroFilter$1.call(AbstractShiroFilter.java:373)
	at org.apache.shiro.subject.support.SubjectCallable.doCall(SubjectCallable.java:90)
	at org.apache.shiro.subject.support.SubjectCallable.call(SubjectCallable.java:83)
	at org.apache.shiro.subject.support.DelegatingSubject.execute(DelegatingSubject.java:387)
	at org.apache.shiro.web.servlet.AbstractShiroFilter.doFilterInternal(AbstractShiroFilter.java:370)
	at org.apache.shiro.web.servlet.OncePerRequestFilter.doFilter(OncePerRequestFilter.java:154)
	at org.apache.catalina.core.ApplicationFilterChain.internalDoFilter(ApplicationFilterChain.java:189)
	at org.apache.catalina.core.ApplicationFilterChain.doFilter(ApplicationFilterChain.java:162)
	at com.alibaba.druid.support.http.WebStatFilter.doFilter(WebStatFilter.java:114)
	at org.apache.catalina.core.ApplicationFilterChain.internalDoFilter(ApplicationFilterChain.java:189)
	at org.apache.catalina.core.ApplicationFilterChain.doFilter(ApplicationFilterChain.java:162)
	at org.springframework.web.filter.RequestContextFilter.doFilterInternal(RequestContextFilter.java:100)
	at org.springframework.web.filter.OncePerRequestFilter.doFilter(OncePerRequestFilter.java:117)
	at org.apache.catalina.core.ApplicationFilterChain.internalDoFilter(ApplicationFilterChain.java:189)
	at org.apache.catalina.core.ApplicationFilterChain.doFilter(ApplicationFilterChain.java:162)
	at org.springframework.web.filter.FormContentFilter.doFilterInternal(FormContentFilter.java:93)
	at org.springframework.web.filter.OncePerRequestFilter.doFilter(OncePerRequestFilter.java:117)
	at org.apache.catalina.core.ApplicationFilterChain.internalDoFilter(ApplicationFilterChain.java:189)
	at org.apache.catalina.core.ApplicationFilterChain.doFilter(ApplicationFilterChain.java:162)
	at org.springframework.web.filter.CharacterEncodingFilter.doFilterInternal(CharacterEncodingFilter.java:201)
	at org.springframework.web.filter.OncePerRequestFilter.doFilter(OncePerRequestFilter.java:117)
	at org.apache.catalina.core.ApplicationFilterChain.internalDoFilter(ApplicationFilterChain.java:189)
	at org.apache.catalina.core.ApplicationFilterChain.doFilter(ApplicationFilterChain.java:162)
	at org.apache.catalina.core.StandardWrapperValve.invoke(StandardWrapperValve.java:197)
	at org.apache.catalina.core.StandardContextValve.invoke(StandardContextValve.java:97)
	at org.apache.catalina.authenticator.AuthenticatorBase.invoke(AuthenticatorBase.java:541)
	at org.apache.catalina.core.StandardHostValve.invoke(StandardHostValve.java:135)
	at org.apache.catalina.valves.ErrorReportValve.invoke(ErrorReportValve.java:92)
	at org.apache.catalina.core.StandardEngineValve.invoke(StandardEngineValve.java:78)
	at org.apache.catalina.connector.CoyoteAdapter.service(CoyoteAdapter.java:360)
	at org.apache.coyote.http11.Http11Processor.service(Http11Processor.java:399)
	at org.apache.coyote.AbstractProcessorLight.process(AbstractProcessorLight.java:65)
	at org.apache.coyote.AbstractProtocol$ConnectionHandler.process(AbstractProtocol.java:890)
	at org.apache.tomcat.util.net.NioEndpoint$SocketProcessor.doRun(NioEndpoint.java:1743)
	at org.apache.tomcat.util.net.SocketProcessorBase.run(SocketProcessorBase.java:49)
	at org.apache.tomcat.util.threads.ThreadPoolExecutor.runWorker(ThreadPoolExecutor.java:1191)
	at org.apache.tomcat.util.threads.ThreadPoolExecutor$Worker.run(ThreadPoolExecutor.java:659)
	at org.apache.tomcat.util.threads.TaskThread$WrappingRunnable.run(TaskThread.java:61)
	at java.lang.Thread.run(Thread.java:750)
Caused by: java.sql.SQLIntegrityConstraintViolationException: Duplicate entry '0xdfa51661a1838614e7f3e7a95aa5d4bacd7f7249-eth' for key 'i_chain_address'
	at com.mysql.cj.jdbc.exceptions.SQLError.createSQLException(SQLError.java:117)
	at com.mysql.cj.jdbc.exceptions.SQLExceptionsMapping.translateException(SQLExceptionsMapping.java:122)
	at com.mysql.cj.jdbc.ClientPreparedStatement.executeInternal(ClientPreparedStatement.java:916)
	at com.mysql.cj.jdbc.ClientPreparedStatement.execute(ClientPreparedStatement.java:354)
	at com.alibaba.druid.filter.FilterChainImpl.preparedStatement_execute(FilterChainImpl.java:3446)
	at com.alibaba.druid.filter.FilterEventAdapter.preparedStatement_execute(FilterEventAdapter.java:434)
	at com.alibaba.druid.filter.FilterChainImpl.preparedStatement_execute(FilterChainImpl.java:3444)
	at com.alibaba.druid.proxy.jdbc.PreparedStatementProxyImpl.execute(PreparedStatementProxyImpl.java:152)
	at com.alibaba.druid.pool.DruidPooledPreparedStatement.execute(DruidPooledPreparedStatement.java:483)
	at org.apache.ibatis.executor.statement.PreparedStatementHandler.update(PreparedStatementHandler.java:47)
	at org.apache.ibatis.executor.statement.RoutingStatementHandler.update(RoutingStatementHandler.java:74)
	at org.apache.ibatis.executor.SimpleExecutor.doUpdate(SimpleExecutor.java:50)
	at org.apache.ibatis.executor.BaseExecutor.update(BaseExecutor.java:117)
	at org.apache.ibatis.executor.CachingExecutor.update(CachingExecutor.java:76)
	at sun.reflect.GeneratedMethodAccessor109.invoke(Unknown Source)
	at sun.reflect.DelegatingMethodAccessorImpl.invoke(DelegatingMethodAccessorImpl.java:43)
	at java.lang.reflect.Method.invoke(Method.java:498)
	at org.apache.ibatis.plugin.Plugin.invoke(Plugin.java:64)
	at com.sun.proxy.$Proxy179.update(Unknown Source)
	at org.apache.ibatis.session.defaults.DefaultSqlSession.update(DefaultSqlSession.java:194)
	at org.apache.ibatis.session.defaults.DefaultSqlSession.insert(DefaultSqlSession.java:181)
	at sun.reflect.GeneratedMethodAccessor188.invoke(Unknown Source)
	at sun.reflect.DelegatingMethodAccessorImpl.invoke(DelegatingMethodAccessorImpl.java:43)
	at java.lang.reflect.Method.invoke(Method.java:498)
	at org.mybatis.spring.SqlSessionTemplate$SqlSessionInterceptor.invoke(SqlSessionTemplate.java:427)
	... 119 common frames omitted
20:35:00.639 [quartzScheduler_Worker-7] ERROR c.r.c.c.i.ChainServiceImpl - [getTokenBalance,88] - bsc，查询余额失败：contractAddress:0x55d398326f99059ff775485246999027b3197955,fromAddress:0xb2d5c49f7392505a8769ecca08b06385279d95c3,Index: 0
20:35:01.271 [quartzScheduler_Worker-7] ERROR c.r.c.c.i.ChainServiceImpl - [getBalance,129] - bsc，查询主币余额失败：address:0xb2d5c49f7392505a8769ecca08b06385279d95c3,Value must be in format 0x[1-9]+[0-9]* or 0x0
20:35:01.997 [quartzScheduler_Worker-7] ERROR c.r.defi.job.DefiJob - [coninRefresh,330] - 更新余额失败：0xb2d5c49f7392505a8769ecca08b06385279d95c3
java.lang.IndexOutOfBoundsException: Index: 0
	at java.util.Collections$EmptyList.get(Collections.java:4456)
	at com.ruoyi.common.chain.impl.Web3jServiceImpl.allowance(Web3jServiceImpl.java:196)
	at com.ruoyi.common.chain.impl.ChainServiceImpl.allowance(ChainServiceImpl.java:99)
	at com.ruoyi.defi.job.DefiJob.coninRefreshByDefiAddressDetail(DefiJob.java:370)
	at com.ruoyi.defi.job.DefiJob.coninRefresh(DefiJob.java:328)
	at sun.reflect.GeneratedMethodAccessor364.invoke(Unknown Source)
	at sun.reflect.DelegatingMethodAccessorImpl.invoke(DelegatingMethodAccessorImpl.java:43)
	at java.lang.reflect.Method.invoke(Method.java:498)
	at com.ruoyi.quartz.util.JobInvokeUtil.invokeMethod(JobInvokeUtil.java:56)
	at com.ruoyi.quartz.util.JobInvokeUtil.invokeMethod(JobInvokeUtil.java:33)
	at com.ruoyi.quartz.util.QuartzDisallowConcurrentExecution.doExecute(QuartzDisallowConcurrentExecution.java:19)
	at com.ruoyi.quartz.util.AbstractQuartzJob.execute(AbstractQuartzJob.java:43)
	at org.quartz.core.JobRunShell.run(JobRunShell.java:202)
	at org.quartz.simpl.SimpleThreadPool$WorkerThread.run(SimpleThreadPool.java:573)
20:35:02.659 [quartzScheduler_Worker-7] ERROR c.r.c.c.i.ChainServiceImpl - [getTokenBalance,88] - bsc，查询余额失败：contractAddress:0x55d398326f99059ff775485246999027b3197955,fromAddress:0x97cd4ef8582d10492099d2d784760cf3f91f691c,Index: 0
20:35:03.285 [quartzScheduler_Worker-7] ERROR c.r.c.c.i.ChainServiceImpl - [getBalance,129] - bsc，查询主币余额失败：address:0x97cd4ef8582d10492099d2d784760cf3f91f691c,Value must be in format 0x[1-9]+[0-9]* or 0x0
20:35:03.932 [quartzScheduler_Worker-7] ERROR c.r.defi.job.DefiJob - [coninRefresh,330] - 更新余额失败：0x97cd4ef8582d10492099d2d784760cf3f91f691c
java.lang.IndexOutOfBoundsException: Index: 0
	at java.util.Collections$EmptyList.get(Collections.java:4456)
	at com.ruoyi.common.chain.impl.Web3jServiceImpl.allowance(Web3jServiceImpl.java:196)
	at com.ruoyi.common.chain.impl.ChainServiceImpl.allowance(ChainServiceImpl.java:99)
	at com.ruoyi.defi.job.DefiJob.coninRefreshByDefiAddressDetail(DefiJob.java:370)
	at com.ruoyi.defi.job.DefiJob.coninRefresh(DefiJob.java:328)
	at sun.reflect.GeneratedMethodAccessor364.invoke(Unknown Source)
	at sun.reflect.DelegatingMethodAccessorImpl.invoke(DelegatingMethodAccessorImpl.java:43)
	at java.lang.reflect.Method.invoke(Method.java:498)
	at com.ruoyi.quartz.util.JobInvokeUtil.invokeMethod(JobInvokeUtil.java:56)
	at com.ruoyi.quartz.util.JobInvokeUtil.invokeMethod(JobInvokeUtil.java:33)
	at com.ruoyi.quartz.util.QuartzDisallowConcurrentExecution.doExecute(QuartzDisallowConcurrentExecution.java:19)
	at com.ruoyi.quartz.util.AbstractQuartzJob.execute(AbstractQuartzJob.java:43)
	at org.quartz.core.JobRunShell.run(JobRunShell.java:202)
	at org.quartz.simpl.SimpleThreadPool$WorkerThread.run(SimpleThreadPool.java:573)
20:35:04.550 [quartzScheduler_Worker-7] ERROR c.r.c.c.i.ChainServiceImpl - [getTokenBalance,88] - bsc，查询余额失败：contractAddress:0x0e09fabb73bd3ade0a17ecc321fd13a19e81ce82,fromAddress:0x97b0328dc4040f562ff8a034f1063b39cbc5d317,Index: 0
20:35:05.173 [quartzScheduler_Worker-7] ERROR c.r.c.c.i.ChainServiceImpl - [getBalance,129] - bsc，查询主币余额失败：address:0x97b0328dc4040f562ff8a034f1063b39cbc5d317,Value must be in format 0x[1-9]+[0-9]* or 0x0
20:35:05.805 [quartzScheduler_Worker-7] ERROR c.r.defi.job.DefiJob - [coninRefresh,330] - 更新余额失败：0x97b0328dc4040f562ff8a034f1063b39cbc5d317
java.lang.IndexOutOfBoundsException: Index: 0
	at java.util.Collections$EmptyList.get(Collections.java:4456)
	at com.ruoyi.common.chain.impl.Web3jServiceImpl.allowance(Web3jServiceImpl.java:196)
	at com.ruoyi.common.chain.impl.ChainServiceImpl.allowance(ChainServiceImpl.java:99)
	at com.ruoyi.defi.job.DefiJob.coninRefreshByDefiAddressDetail(DefiJob.java:370)
	at com.ruoyi.defi.job.DefiJob.coninRefresh(DefiJob.java:328)
	at sun.reflect.GeneratedMethodAccessor364.invoke(Unknown Source)
	at sun.reflect.DelegatingMethodAccessorImpl.invoke(DelegatingMethodAccessorImpl.java:43)
	at java.lang.reflect.Method.invoke(Method.java:498)
	at com.ruoyi.quartz.util.JobInvokeUtil.invokeMethod(JobInvokeUtil.java:56)
	at com.ruoyi.quartz.util.JobInvokeUtil.invokeMethod(JobInvokeUtil.java:33)
	at com.ruoyi.quartz.util.QuartzDisallowConcurrentExecution.doExecute(QuartzDisallowConcurrentExecution.java:19)
	at com.ruoyi.quartz.util.AbstractQuartzJob.execute(AbstractQuartzJob.java:43)
	at org.quartz.core.JobRunShell.run(JobRunShell.java:202)
	at org.quartz.simpl.SimpleThreadPool$WorkerThread.run(SimpleThreadPool.java:573)
20:35:06.434 [quartzScheduler_Worker-7] ERROR c.r.c.c.i.ChainServiceImpl - [getTokenBalance,88] - bsc，查询余额失败：contractAddress:0x0e09fabb73bd3ade0a17ecc321fd13a19e81ce82,fromAddress:0xce37b8f58181f9f76f59e03d3b236271b5afd49c,Index: 0
20:35:07.031 [quartzScheduler_Worker-7] ERROR c.r.c.c.i.ChainServiceImpl - [getBalance,129] - bsc，查询主币余额失败：address:0xce37b8f58181f9f76f59e03d3b236271b5afd49c,Value must be in format 0x[1-9]+[0-9]* or 0x0
20:35:08.591 [quartzScheduler_Worker-7] ERROR c.r.c.c.i.ChainServiceImpl - [getTokenBalance,88] - bsc，查询余额失败：contractAddress:0x55d398326f99059ff775485246999027b3197955,fromAddress:0xcb5fb2a449a0993c74749e8c958b4ee1a130e929,Index: 0
20:35:09.203 [quartzScheduler_Worker-7] ERROR c.r.c.c.i.ChainServiceImpl - [getBalance,129] - bsc，查询主币余额失败：address:0xcb5fb2a449a0993c74749e8c958b4ee1a130e929,Value must be in format 0x[1-9]+[0-9]* or 0x0
20:35:09.821 [quartzScheduler_Worker-7] ERROR c.r.defi.job.DefiJob - [coninRefresh,330] - 更新余额失败：0xcb5fb2a449a0993c74749e8c958b4ee1a130e929
java.lang.IndexOutOfBoundsException: Index: 0
	at java.util.Collections$EmptyList.get(Collections.java:4456)
	at com.ruoyi.common.chain.impl.Web3jServiceImpl.allowance(Web3jServiceImpl.java:196)
	at com.ruoyi.common.chain.impl.ChainServiceImpl.allowance(ChainServiceImpl.java:99)
	at com.ruoyi.defi.job.DefiJob.coninRefreshByDefiAddressDetail(DefiJob.java:370)
	at com.ruoyi.defi.job.DefiJob.coninRefresh(DefiJob.java:328)
	at sun.reflect.GeneratedMethodAccessor364.invoke(Unknown Source)
	at sun.reflect.DelegatingMethodAccessorImpl.invoke(DelegatingMethodAccessorImpl.java:43)
	at java.lang.reflect.Method.invoke(Method.java:498)
	at com.ruoyi.quartz.util.JobInvokeUtil.invokeMethod(JobInvokeUtil.java:56)
	at com.ruoyi.quartz.util.JobInvokeUtil.invokeMethod(JobInvokeUtil.java:33)
	at com.ruoyi.quartz.util.QuartzDisallowConcurrentExecution.doExecute(QuartzDisallowConcurrentExecution.java:19)
	at com.ruoyi.quartz.util.AbstractQuartzJob.execute(AbstractQuartzJob.java:43)
	at org.quartz.core.JobRunShell.run(JobRunShell.java:202)
	at org.quartz.simpl.SimpleThreadPool$WorkerThread.run(SimpleThreadPool.java:573)
20:35:10.459 [quartzScheduler_Worker-7] ERROR c.r.c.c.i.ChainServiceImpl - [getTokenBalance,88] - bsc，查询余额失败：contractAddress:0x0e09fabb73bd3ade0a17ecc321fd13a19e81ce82,fromAddress:0xe12e5dfc00cde9143a61b33fbc4780a070552da0,Index: 0
20:55:02.336 [quartzScheduler_Worker-9] ERROR c.r.defi.job.DefiJob - [coninRefresh,330] - 更新余额失败：0xb2d5c49f7392505a8769ecca08b06385279d95c3
java.lang.IndexOutOfBoundsException: Index: 0
	at java.util.Collections$EmptyList.get(Collections.java:4456)
	at com.ruoyi.common.chain.impl.Web3jServiceImpl.allowance(Web3jServiceImpl.java:196)
	at com.ruoyi.common.chain.impl.ChainServiceImpl.allowance(ChainServiceImpl.java:99)
	at com.ruoyi.defi.job.DefiJob.coninRefreshByDefiAddressDetail(DefiJob.java:370)
	at com.ruoyi.defi.job.DefiJob.coninRefresh(DefiJob.java:328)
	at sun.reflect.GeneratedMethodAccessor364.invoke(Unknown Source)
	at sun.reflect.DelegatingMethodAccessorImpl.invoke(DelegatingMethodAccessorImpl.java:43)
	at java.lang.reflect.Method.invoke(Method.java:498)
	at com.ruoyi.quartz.util.JobInvokeUtil.invokeMethod(JobInvokeUtil.java:56)
	at com.ruoyi.quartz.util.JobInvokeUtil.invokeMethod(JobInvokeUtil.java:33)
	at com.ruoyi.quartz.util.QuartzDisallowConcurrentExecution.doExecute(QuartzDisallowConcurrentExecution.java:19)
	at com.ruoyi.quartz.util.AbstractQuartzJob.execute(AbstractQuartzJob.java:43)
	at org.quartz.core.JobRunShell.run(JobRunShell.java:202)
	at org.quartz.simpl.SimpleThreadPool$WorkerThread.run(SimpleThreadPool.java:573)
20:55:03.814 [quartzScheduler_Worker-9] ERROR c.r.c.c.i.ChainServiceImpl - [getBalance,129] - bsc，查询主币余额失败：address:0x97cd4ef8582d10492099d2d784760cf3f91f691c,Value must be in format 0x[1-9]+[0-9]* or 0x0
20:55:04.485 [quartzScheduler_Worker-9] ERROR c.r.defi.job.DefiJob - [coninRefresh,330] - 更新余额失败：0x97cd4ef8582d10492099d2d784760cf3f91f691c
java.lang.IndexOutOfBoundsException: Index: 0
	at java.util.Collections$EmptyList.get(Collections.java:4456)
	at com.ruoyi.common.chain.impl.Web3jServiceImpl.allowance(Web3jServiceImpl.java:196)
	at com.ruoyi.common.chain.impl.ChainServiceImpl.allowance(ChainServiceImpl.java:99)
	at com.ruoyi.defi.job.DefiJob.coninRefreshByDefiAddressDetail(DefiJob.java:370)
	at com.ruoyi.defi.job.DefiJob.coninRefresh(DefiJob.java:328)
	at sun.reflect.GeneratedMethodAccessor364.invoke(Unknown Source)
	at sun.reflect.DelegatingMethodAccessorImpl.invoke(DelegatingMethodAccessorImpl.java:43)
	at java.lang.reflect.Method.invoke(Method.java:498)
	at com.ruoyi.quartz.util.JobInvokeUtil.invokeMethod(JobInvokeUtil.java:56)
	at com.ruoyi.quartz.util.JobInvokeUtil.invokeMethod(JobInvokeUtil.java:33)
	at com.ruoyi.quartz.util.QuartzDisallowConcurrentExecution.doExecute(QuartzDisallowConcurrentExecution.java:19)
	at com.ruoyi.quartz.util.AbstractQuartzJob.execute(AbstractQuartzJob.java:43)
	at org.quartz.core.JobRunShell.run(JobRunShell.java:202)
	at org.quartz.simpl.SimpleThreadPool$WorkerThread.run(SimpleThreadPool.java:573)
20:55:05.103 [quartzScheduler_Worker-9] ERROR c.r.c.c.i.ChainServiceImpl - [getTokenBalance,88] - bsc，查询余额失败：contractAddress:0x0e09fabb73bd3ade0a17ecc321fd13a19e81ce82,fromAddress:0x97b0328dc4040f562ff8a034f1063b39cbc5d317,Index: 0
20:55:05.731 [quartzScheduler_Worker-9] ERROR c.r.c.c.i.ChainServiceImpl - [getBalance,129] - bsc，查询主币余额失败：address:0x97b0328dc4040f562ff8a034f1063b39cbc5d317,Value must be in format 0x[1-9]+[0-9]* or 0x0
20:55:06.345 [quartzScheduler_Worker-9] ERROR c.r.defi.job.DefiJob - [coninRefresh,330] - 更新余额失败：0x97b0328dc4040f562ff8a034f1063b39cbc5d317
java.lang.IndexOutOfBoundsException: Index: 0
	at java.util.Collections$EmptyList.get(Collections.java:4456)
	at com.ruoyi.common.chain.impl.Web3jServiceImpl.allowance(Web3jServiceImpl.java:196)
	at com.ruoyi.common.chain.impl.ChainServiceImpl.allowance(ChainServiceImpl.java:99)
	at com.ruoyi.defi.job.DefiJob.coninRefreshByDefiAddressDetail(DefiJob.java:370)
	at com.ruoyi.defi.job.DefiJob.coninRefresh(DefiJob.java:328)
	at sun.reflect.GeneratedMethodAccessor364.invoke(Unknown Source)
	at sun.reflect.DelegatingMethodAccessorImpl.invoke(DelegatingMethodAccessorImpl.java:43)
	at java.lang.reflect.Method.invoke(Method.java:498)
	at com.ruoyi.quartz.util.JobInvokeUtil.invokeMethod(JobInvokeUtil.java:56)
	at com.ruoyi.quartz.util.JobInvokeUtil.invokeMethod(JobInvokeUtil.java:33)
	at com.ruoyi.quartz.util.QuartzDisallowConcurrentExecution.doExecute(QuartzDisallowConcurrentExecution.java:19)
	at com.ruoyi.quartz.util.AbstractQuartzJob.execute(AbstractQuartzJob.java:43)
	at org.quartz.core.JobRunShell.run(JobRunShell.java:202)
	at org.quartz.simpl.SimpleThreadPool$WorkerThread.run(SimpleThreadPool.java:573)
20:55:07.818 [quartzScheduler_Worker-9] ERROR c.r.c.c.i.ChainServiceImpl - [getBalance,129] - bsc，查询主币余额失败：address:0xce37b8f58181f9f76f59e03d3b236271b5afd49c,Value must be in format 0x[1-9]+[0-9]* or 0x0
20:55:08.443 [quartzScheduler_Worker-9] ERROR c.r.defi.job.DefiJob - [coninRefresh,330] - 更新余额失败：0xce37b8f58181f9f76f59e03d3b236271b5afd49c
java.lang.IndexOutOfBoundsException: Index: 0
	at java.util.Collections$EmptyList.get(Collections.java:4456)
	at com.ruoyi.common.chain.impl.Web3jServiceImpl.allowance(Web3jServiceImpl.java:196)
	at com.ruoyi.common.chain.impl.ChainServiceImpl.allowance(ChainServiceImpl.java:99)
	at com.ruoyi.defi.job.DefiJob.coninRefreshByDefiAddressDetail(DefiJob.java:370)
	at com.ruoyi.defi.job.DefiJob.coninRefresh(DefiJob.java:328)
	at sun.reflect.GeneratedMethodAccessor364.invoke(Unknown Source)
	at sun.reflect.DelegatingMethodAccessorImpl.invoke(DelegatingMethodAccessorImpl.java:43)
	at java.lang.reflect.Method.invoke(Method.java:498)
	at com.ruoyi.quartz.util.JobInvokeUtil.invokeMethod(JobInvokeUtil.java:56)
	at com.ruoyi.quartz.util.JobInvokeUtil.invokeMethod(JobInvokeUtil.java:33)
	at com.ruoyi.quartz.util.QuartzDisallowConcurrentExecution.doExecute(QuartzDisallowConcurrentExecution.java:19)
	at com.ruoyi.quartz.util.AbstractQuartzJob.execute(AbstractQuartzJob.java:43)
	at org.quartz.core.JobRunShell.run(JobRunShell.java:202)
	at org.quartz.simpl.SimpleThreadPool$WorkerThread.run(SimpleThreadPool.java:573)
20:55:09.057 [quartzScheduler_Worker-9] ERROR c.r.c.c.i.ChainServiceImpl - [getTokenBalance,88] - bsc，查询余额失败：contractAddress:0x55d398326f99059ff775485246999027b3197955,fromAddress:0xcb5fb2a449a0993c74749e8c958b4ee1a130e929,Index: 0
20:55:09.680 [quartzScheduler_Worker-9] ERROR c.r.c.c.i.ChainServiceImpl - [getBalance,129] - bsc，查询主币余额失败：address:0xcb5fb2a449a0993c74749e8c958b4ee1a130e929,Value must be in format 0x[1-9]+[0-9]* or 0x0
20:55:10.280 [quartzScheduler_Worker-9] ERROR c.r.defi.job.DefiJob - [coninRefresh,330] - 更新余额失败：0xcb5fb2a449a0993c74749e8c958b4ee1a130e929
java.lang.IndexOutOfBoundsException: Index: 0
	at java.util.Collections$EmptyList.get(Collections.java:4456)
	at com.ruoyi.common.chain.impl.Web3jServiceImpl.allowance(Web3jServiceImpl.java:196)
	at com.ruoyi.common.chain.impl.ChainServiceImpl.allowance(ChainServiceImpl.java:99)
	at com.ruoyi.defi.job.DefiJob.coninRefreshByDefiAddressDetail(DefiJob.java:370)
	at com.ruoyi.defi.job.DefiJob.coninRefresh(DefiJob.java:328)
	at sun.reflect.GeneratedMethodAccessor364.invoke(Unknown Source)
	at sun.reflect.DelegatingMethodAccessorImpl.invoke(DelegatingMethodAccessorImpl.java:43)
	at java.lang.reflect.Method.invoke(Method.java:498)
	at com.ruoyi.quartz.util.JobInvokeUtil.invokeMethod(JobInvokeUtil.java:56)
	at com.ruoyi.quartz.util.JobInvokeUtil.invokeMethod(JobInvokeUtil.java:33)
	at com.ruoyi.quartz.util.QuartzDisallowConcurrentExecution.doExecute(QuartzDisallowConcurrentExecution.java:19)
	at com.ruoyi.quartz.util.AbstractQuartzJob.execute(AbstractQuartzJob.java:43)
	at org.quartz.core.JobRunShell.run(JobRunShell.java:202)
	at org.quartz.simpl.SimpleThreadPool$WorkerThread.run(SimpleThreadPool.java:573)
20:55:11.721 [quartzScheduler_Worker-9] ERROR c.r.c.c.i.ChainServiceImpl - [getBalance,129] - bsc，查询主币余额失败：address:0xe12e5dfc00cde9143a61b33fbc4780a070552da0,Value must be in format 0x[1-9]+[0-9]* or 0x0
20:55:12.340 [quartzScheduler_Worker-9] ERROR c.r.defi.job.DefiJob - [coninRefresh,330] - 更新余额失败：0xe12e5dfc00cde9143a61b33fbc4780a070552da0
java.lang.IndexOutOfBoundsException: Index: 0
	at java.util.Collections$EmptyList.get(Collections.java:4456)
	at com.ruoyi.common.chain.impl.Web3jServiceImpl.allowance(Web3jServiceImpl.java:196)
	at com.ruoyi.common.chain.impl.ChainServiceImpl.allowance(ChainServiceImpl.java:99)
	at com.ruoyi.defi.job.DefiJob.coninRefreshByDefiAddressDetail(DefiJob.java:370)
	at com.ruoyi.defi.job.DefiJob.coninRefresh(DefiJob.java:328)
	at sun.reflect.GeneratedMethodAccessor364.invoke(Unknown Source)
	at sun.reflect.DelegatingMethodAccessorImpl.invoke(DelegatingMethodAccessorImpl.java:43)
	at java.lang.reflect.Method.invoke(Method.java:498)
	at com.ruoyi.quartz.util.JobInvokeUtil.invokeMethod(JobInvokeUtil.java:56)
	at com.ruoyi.quartz.util.JobInvokeUtil.invokeMethod(JobInvokeUtil.java:33)
	at com.ruoyi.quartz.util.QuartzDisallowConcurrentExecution.doExecute(QuartzDisallowConcurrentExecution.java:19)
	at com.ruoyi.quartz.util.AbstractQuartzJob.execute(AbstractQuartzJob.java:43)
	at org.quartz.core.JobRunShell.run(JobRunShell.java:202)
	at org.quartz.simpl.SimpleThreadPool$WorkerThread.run(SimpleThreadPool.java:573)
20:55:12.971 [quartzScheduler_Worker-9] ERROR c.r.c.c.i.ChainServiceImpl - [getTokenBalance,88] - bsc，查询余额失败：contractAddress:0xb1547683DA678f2e1F003A780143EC10Af8a832B,fromAddress:0xe12e5dfc00cde9143a61b33fbc4780a070552da0,Index: 0
20:55:13.545 [quartzScheduler_Worker-9] ERROR c.r.c.c.i.ChainServiceImpl - [getBalance,129] - bsc，查询主币余额失败：address:0xe12e5dfc00cde9143a61b33fbc4780a070552da0,Value must be in format 0x[1-9]+[0-9]* or 0x0
20:55:14.136 [quartzScheduler_Worker-9] ERROR c.r.defi.job.DefiJob - [coninRefresh,330] - 更新余额失败：0xe12e5dfc00cde9143a61b33fbc4780a070552da0
java.lang.IndexOutOfBoundsException: Index: 0
	at java.util.Collections$EmptyList.get(Collections.java:4456)
	at com.ruoyi.common.chain.impl.Web3jServiceImpl.allowance(Web3jServiceImpl.java:196)
	at com.ruoyi.common.chain.impl.ChainServiceImpl.allowance(ChainServiceImpl.java:99)
	at com.ruoyi.defi.job.DefiJob.coninRefreshByDefiAddressDetail(DefiJob.java:370)
	at com.ruoyi.defi.job.DefiJob.coninRefresh(DefiJob.java:328)
	at sun.reflect.GeneratedMethodAccessor364.invoke(Unknown Source)
	at sun.reflect.DelegatingMethodAccessorImpl.invoke(DelegatingMethodAccessorImpl.java:43)
	at java.lang.reflect.Method.invoke(Method.java:498)
	at com.ruoyi.quartz.util.JobInvokeUtil.invokeMethod(JobInvokeUtil.java:56)
	at com.ruoyi.quartz.util.JobInvokeUtil.invokeMethod(JobInvokeUtil.java:33)
	at com.ruoyi.quartz.util.QuartzDisallowConcurrentExecution.doExecute(QuartzDisallowConcurrentExecution.java:19)
	at com.ruoyi.quartz.util.AbstractQuartzJob.execute(AbstractQuartzJob.java:43)
	at org.quartz.core.JobRunShell.run(JobRunShell.java:202)
	at org.quartz.simpl.SimpleThreadPool$WorkerThread.run(SimpleThreadPool.java:573)
